<?xml version="1.0" encoding="UTF-8"?>
<testsuite name="TestMax" tests="1" skipped="0" failures="0" errors="0" timestamp="2020-10-15T18:11:24" hostname="ABHINAVs-MacBook-Air.local" time="0.007">
  <properties/>
  <testcase name="testMaxStr" classname="TestMax" time="0.007"/>
  <system-out><![CDATA[The max element is Peach
]]></system-out>
  <system-err><![CDATA[]]></system-err>
</testsuite>
